<?xml version="1.0" encoding="UTF-8"?>
<!-- Generated by org.testng.reporters.JUnitXMLReporter -->
<testsuite hostname="MAC-MacBook-Air.local" ignored="0" name="Command line test" tests="8" failures="2" timestamp="2021-01-29T02:31:27 EET" time="17.364" errors="0">
  <testcase name="GUID" time="4.885" classname="ApıTest.OpenAPITest">
    <failure type="java.lang.AssertionError" message="The following asserts failed:
	expected [true] but found [false]">
      <![CDATA[java.lang.AssertionError: The following asserts failed:
expected [true] but found [false]
at ApıTest.OpenAPITest.GUID(OpenAPITest.java:176)
at java.util.ArrayList.forEach(ArrayList.java:1257)
... Removed 38 stack frames]]>
    </failure>
  </testcase> <!-- GUID -->
  <testcase name="PerPage" time="1.049" classname="ApıTest.OpenAPITest"/>
  <testcase name="check200Notifications" time="2.552" classname="ApıTest.OpenAPITest"/>
  <testcase name="check400Notifications" time="1.201" classname="ApıTest.OpenAPITest"/>
  <testcase name="checkEncoded" time="1.367" classname="ApıTest.OpenAPITest"/>
  <testcase name="checkNoficationId" time="2.825" classname="ApıTest.OpenAPITest">
    <failure type="java.lang.AssertionError" message="The following asserts failed:
	expected [925ac601-278d-42ab-8996-3975a6d16d1c] but found [2d85ec77-6f1c-438c-a01e-e6f434c1c1c4],
	expected [9d35d25b-178c-4dde-86fb-e603f34d3df2] but found [29d35d25b-178c-4dde-86fb-e603f34d3df2]">
      <![CDATA[java.lang.AssertionError: The following asserts failed:
expected [925ac601-278d-42ab-8996-3975a6d16d1c] but found [2d85ec77-6f1c-438c-a01e-e6f434c1c1c4],
expected [9d35d25b-178c-4dde-86fb-e603f34d3df2] but found [29d35d25b-178c-4dde-86fb-e603f34d3df2]
at ApıTest.OpenAPITest.checkNoficationId(OpenAPITest.java:144)
at java.util.ArrayList.forEach(ArrayList.java:1257)
... Removed 38 stack frames]]>
    </failure>
  </testcase> <!-- checkNoficationId -->
  <testcase name="getCountries" time="1.106" classname="ApıTest.OpenAPITest"/>
  <testcase name="warnMessage" time="1.583" classname="ApıTest.OpenAPITest"/>
</testsuite> <!-- Command line test -->
