<?xml version="1.0" encoding="UTF-8" ?>
<testsuite tests="8" failures="2" name="ApıTest.OpenAPITest" time="16.591" errors="0" skipped="0">
  <properties>
[...]
</properties>
  <testcase classname="ApıTest.OpenAPITest" name="GUID" time="4.896">
    <failure message="The following asserts failed:
	expected [true] but found [false]" type="java.lang.AssertionError">java.lang.AssertionError: The following asserts failed:
	expected [true] but found [false]
	at org.testng.asserts.SoftAssert.assertAll(SoftAssert.java:47)
	at org.testng.asserts.SoftAssert.assertAll(SoftAssert.java:31)
	at ApıTest.OpenAPITest.GUID(OpenAPITest.java:176)
</failure>
    <system-out>Configuring TestNG with: org.apache.maven.surefire.testng.conf.TestNG652Configurator@64c64813
29d35d25b-178c-4dde-86fb-e603f34d3df2
</system-out>
  </testcase>
  <testcase classname="ApıTest.OpenAPITest" name="PerPage" time="1.05"/>
  <testcase classname="ApıTest.OpenAPITest" name="check200Notifications" time="2.552"/>
  <testcase classname="ApıTest.OpenAPITest" name="check400Notifications" time="1.202"/>
  <testcase classname="ApıTest.OpenAPITest" name="checkEncoded" time="1.369"/>
  <testcase classname="ApıTest.OpenAPITest" name="checkNoficationId" time="2.832">
    <failure message="The following asserts failed:
	expected [925ac601-278d-42ab-8996-3975a6d16d1c] but found [2d85ec77-6f1c-438c-a01e-e6f434c1c1c4],
	expected [9d35d25b-178c-4dde-86fb-e603f34d3df2] but found [29d35d25b-178c-4dde-86fb-e603f34d3df2]" type="java.lang.AssertionError">java.lang.AssertionError: The following asserts failed:
	expected [925ac601-278d-42ab-8996-3975a6d16d1c] but found [2d85ec77-6f1c-438c-a01e-e6f434c1c1c4],
	expected [9d35d25b-178c-4dde-86fb-e603f34d3df2] but found [29d35d25b-178c-4dde-86fb-e603f34d3df2]
	at org.testng.asserts.SoftAssert.assertAll(SoftAssert.java:47)
	at org.testng.asserts.SoftAssert.assertAll(SoftAssert.java:31)
	at ApıTest.OpenAPITest.checkNoficationId(OpenAPITest.java:144)
</failure>
  </testcase>
  <testcase classname="ApıTest.OpenAPITest" name="getCountries" time="1.106"/>
  <testcase classname="ApıTest.OpenAPITest" name="warnMessage" time="1.584"/>
</testsuite>